/opt/texlive/2020/texmf-dist/tex/latex/beamer/beamer.cls
/opt/texlive/2020/texmf-dist/tex/latex/xebaposter/xebaposter.cls
/opt/texlive/2020/texmf-dist/tex/latex/base/source2edoc.cls
/opt/texlive/2020/texmf-dist/tex/latex/base/minimal.cls
/opt/texlive/2020/texmf-dist/tex/latex/base/article.cls
/opt/texlive/2020/texmf-dist/tex/latex/base/proc.cls
/opt/texlive/2020/texmf-dist/tex/latex/base/report.cls
/opt/texlive/2020/texmf-dist/tex/latex/base/letter.cls
/opt/texlive/2020/texmf-dist/tex/latex/base/ltxguide.cls
/opt/texlive/2020/texmf-dist/tex/latex/base/ltnews.cls
/opt/texlive/2020/texmf-dist/tex/latex/base/slides.cls
/opt/texlive/2020/texmf-dist/tex/latex/base/book.cls
/opt/texlive/2020/texmf-dist/tex/latex/base/ltxdoc.cls
/opt/texlive/2020/texmf-dist/tex/latex/extsizes/extletter.cls
/opt/texlive/2020/texmf-dist/tex/latex/extsizes/extbook.cls
/opt/texlive/2020/texmf-dist/tex/latex/extsizes/extarticle.cls
/opt/texlive/2020/texmf-dist/tex/latex/extsizes/extproc.cls
/opt/texlive/2020/texmf-dist/tex/latex/extsizes/extreport.cls
/opt/texlive/2020/texmf-dist/tex/latex/amscls/amsart.cls
/opt/texlive/2020/texmf-dist/tex/latex/amscls/amsldoc.cls
/opt/texlive/2020/texmf-dist/tex/latex/amscls/amsproc.cls
/opt/texlive/2020/texmf-dist/tex/latex/amscls/amsbook.cls
/opt/texlive/2020/texmf-dist/tex/latex/amscls/amsdtx.cls
/opt/texlive/2020/texmf-dist/tex/latex/memoir/memoir.cls
/opt/texlive/2020/texmf-dist/tex/latex/koma-script/scrletter.cls
/opt/texlive/2020/texmf-dist/tex/latex/koma-script/scrreport.cls
/opt/texlive/2020/texmf-dist/tex/latex/koma-script/scrlttr2.cls
/opt/texlive/2020/texmf-dist/tex/latex/koma-script/scrartcl.cls
/opt/texlive/2020/texmf-dist/tex/latex/koma-script/scrreprt.cls
/opt/texlive/2020/texmf-dist/tex/latex/koma-script/scrarticle.cls
/opt/texlive/2020/texmf-dist/tex/latex/koma-script/scrdoc.cls
/opt/texlive/2020/texmf-dist/tex/latex/koma-script/scrbook.cls
/opt/texlive/2020/texmf-dist/tex/latex/revtex/revtex4-2.cls
/opt/texlive/2020/texmf-dist/tex/latex/ltxmisc/flashcard.cls
/opt/texlive/2020/texmf-dist/tex/latex/ltxmisc/beletter.cls
/opt/texlive/2020/texmf-dist/tex/latex/ltxmisc/abstbook.cls
/opt/texlive/2020/texmf-dist/tex/latex/ltxmisc/iagproc.cls
/opt/texlive/2020/texmf-dist/tex/latex/seminar/seminar.cls
/opt/texlive/2020/texmf-dist/tex/latex/l3kernel/l3doc.cls
/opt/texlive/2020/texmf-dist/tex/latex/ntgclass/rapport3.cls
/opt/texlive/2020/texmf-dist/tex/latex/ntgclass/artikel2.cls
/opt/texlive/2020/texmf-dist/tex/latex/ntgclass/boek.cls
/opt/texlive/2020/texmf-dist/tex/latex/ntgclass/brief.cls
/opt/texlive/2020/texmf-dist/tex/latex/ntgclass/artikel3.cls
/opt/texlive/2020/texmf-dist/tex/latex/ntgclass/artikel1.cls
/opt/texlive/2020/texmf-dist/tex/latex/ntgclass/rapport1.cls
/opt/texlive/2020/texmf-dist/tex/latex/ntgclass/boek3.cls
/opt/texlive/2020/texmf-dist/tex/xelatex/simple-thesis-dissertation/simplethesisdissertation.cls
/opt/texlive/2020/texmf-dist/tex/xelatex/simple-resume-cv/simpleresumecv.cls
/opt/texlive/2020/texmf-dist/tex/xelatex/bidipresentation/bidipresentation.cls
/opt/texlive/2020/texmf-dist/tex/xelatex/businesscard-qrcode/businesscard-qrcode.cls
/opt/texlive/2020/texmf-dist/tex/latex/beamer/beamer.cls
/opt/texlive/2020/texmf-dist/tex/latex/xebaposter/xebaposter.cls
/opt/texlive/2020/texmf-dist/tex/latex/base/source2edoc.cls
/opt/texlive/2020/texmf-dist/tex/latex/base/minimal.cls
/opt/texlive/2020/texmf-dist/tex/latex/base/article.cls
/opt/texlive/2020/texmf-dist/tex/latex/base/proc.cls
/opt/texlive/2020/texmf-dist/tex/latex/base/report.cls
/opt/texlive/2020/texmf-dist/tex/latex/base/letter.cls
/opt/texlive/2020/texmf-dist/tex/latex/base/ltxguide.cls
/opt/texlive/2020/texmf-dist/tex/latex/base/ltnews.cls
/opt/texlive/2020/texmf-dist/tex/latex/base/slides.cls
/opt/texlive/2020/texmf-dist/tex/latex/base/book.cls
/opt/texlive/2020/texmf-dist/tex/latex/base/ltxdoc.cls
/opt/texlive/2020/texmf-dist/tex/latex/extsizes/extletter.cls
/opt/texlive/2020/texmf-dist/tex/latex/extsizes/extbook.cls
/opt/texlive/2020/texmf-dist/tex/latex/extsizes/extarticle.cls
/opt/texlive/2020/texmf-dist/tex/latex/extsizes/extproc.cls
/opt/texlive/2020/texmf-dist/tex/latex/extsizes/extreport.cls
/opt/texlive/2020/texmf-dist/tex/latex/amscls/amsart.cls
/opt/texlive/2020/texmf-dist/tex/latex/amscls/amsldoc.cls
/opt/texlive/2020/texmf-dist/tex/latex/amscls/amsproc.cls
/opt/texlive/2020/texmf-dist/tex/latex/amscls/amsbook.cls
/opt/texlive/2020/texmf-dist/tex/latex/amscls/amsdtx.cls
/opt/texlive/2020/texmf-dist/tex/latex/memoir/memoir.cls
/opt/texlive/2020/texmf-dist/tex/latex/koma-script/scrletter.cls
/opt/texlive/2020/texmf-dist/tex/latex/koma-script/scrreport.cls
/opt/texlive/2020/texmf-dist/tex/latex/koma-script/scrlttr2.cls
/opt/texlive/2020/texmf-dist/tex/latex/koma-script/scrartcl.cls
/opt/texlive/2020/texmf-dist/tex/latex/koma-script/scrreprt.cls
/opt/texlive/2020/texmf-dist/tex/latex/koma-script/scrarticle.cls
/opt/texlive/2020/texmf-dist/tex/latex/koma-script/scrdoc.cls
/opt/texlive/2020/texmf-dist/tex/latex/koma-script/scrbook.cls
/opt/texlive/2020/texmf-dist/tex/latex/revtex/revtex4-2.cls
/opt/texlive/2020/texmf-dist/tex/latex/ltxmisc/flashcard.cls
/opt/texlive/2020/texmf-dist/tex/latex/ltxmisc/beletter.cls
/opt/texlive/2020/texmf-dist/tex/latex/ltxmisc/abstbook.cls
/opt/texlive/2020/texmf-dist/tex/latex/ltxmisc/iagproc.cls
/opt/texlive/2020/texmf-dist/tex/latex/seminar/seminar.cls
/opt/texlive/2020/texmf-dist/tex/latex/l3kernel/l3doc.cls
/opt/texlive/2020/texmf-dist/tex/latex/ntgclass/rapport3.cls
/opt/texlive/2020/texmf-dist/tex/latex/ntgclass/artikel2.cls
/opt/texlive/2020/texmf-dist/tex/latex/ntgclass/boek.cls
/opt/texlive/2020/texmf-dist/tex/latex/ntgclass/brief.cls
/opt/texlive/2020/texmf-dist/tex/latex/ntgclass/artikel3.cls
/opt/texlive/2020/texmf-dist/tex/latex/ntgclass/artikel1.cls
/opt/texlive/2020/texmf-dist/tex/latex/ntgclass/rapport1.cls
/opt/texlive/2020/texmf-dist/tex/latex/ntgclass/boek3.cls
/opt/texlive/2020/texmf-dist/tex/latex-dev/base/source2edoc.cls
/opt/texlive/2020/texmf-dist/tex/latex-dev/base/minimal.cls
/opt/texlive/2020/texmf-dist/tex/latex-dev/base/article.cls
/opt/texlive/2020/texmf-dist/tex/latex-dev/base/proc.cls
/opt/texlive/2020/texmf-dist/tex/latex-dev/base/report.cls
/opt/texlive/2020/texmf-dist/tex/latex-dev/base/letter.cls
/opt/texlive/2020/texmf-dist/tex/latex-dev/base/ltxguide.cls
/opt/texlive/2020/texmf-dist/tex/latex-dev/base/ltnews.cls
/opt/texlive/2020/texmf-dist/tex/latex-dev/base/slides.cls
/opt/texlive/2020/texmf-dist/tex/latex-dev/base/book.cls
/opt/texlive/2020/texmf-dist/tex/latex-dev/base/ltxdoc.cls
