LaTeX-2019/10/01
ec
amsmath
amstext
apalike
array
babel
bicaption
bm
booktabs
calc
chapterbib
color
eso-pic
fancybox
fancyhdr
filehook
fixltx2e
fix-cm
float
fontspec
footnote
footnotehyper
geometry
graphicx
hhline
hyperref
iftex
ifthen
listings
longtable
lscape
mathrsfs
mathtools
natbib
pdflscape
polyglossia
pdfpages
pgf
rotating
setspace
slashed
stackrel
subfig
textcomp
ulem
unicode-math
url
varioref
xcolor
xetex-def
xkeyval
caption
colortbl
etoolbox
eurosym
fp
makecmds
psnfss
avant
bookman
chancery
charter
courier
helvet
mathpazo
mathpple
mathptm
mathptmx
newcent
pifont
utopia
ae
lmodern
symbol
tipa
tipx
tone
bicaption
fancyhdr
natbib
multicol
etoolbox
pgf
fancyvrb
natbib
